Starting ESC Calibration...
Max throttle set. Wait for ESC to recognize max throttle.
Min throttle set. Calibration complete.
Enter START to begin the test.
Received command: START
timestamp,7524,speed,1000
timestamp,7624,speed,1010
timestamp,7725,speed,1020
timestamp,7826,speed,1030
timestamp,7926,speed,1040
timestamp,8027,speed,1050
timestamp,8127,speed,1060
timestamp,8227,speed,1070
timestamp,8328,speed,1080
timestamp,8429,speed,1090
timestamp,8529,speed,1100
timestamp,8630,speed,1110
timestamp,8730,speed,1120
timestamp,8830,speed,1130
timestamp,8932,speed,1140
timestamp,9032,speed,1150
timestamp,9133,speed,1160
timestamp,9233,speed,1170
timestamp,9333,speed,1180
timestamp,9434,speed,1190
timestamp,9535,speed,1200
timestamp,9635,speed,1210
timestamp,9736,speed,1220
timestamp,9836,speed,1230
timestamp,9936,speed,1240
timestamp,10038,speed,1250
timestamp,13137,speed,1250
timestamp,13239,speed,1240
timestamp,13339,speed,1230
timestamp,13440,speed,1220
timestamp,13540,speed,1210
timestamp,13641,speed,1200
timestamp,13742,speed,1190
timestamp,13842,speed,1180
timestamp,13942,speed,1170
timestamp,14043,speed,1160
timestamp,14144,speed,1150
timestamp,14244,speed,1140
timestamp,14345,speed,1130
timestamp,14445,speed,1120
timestamp,14546,speed,1110
timestamp,14647,speed,1100
timestamp,14747,speed,1090
timestamp,14848,speed,1080
timestamp,14948,speed,1070
timestamp,15049,speed,1060
timestamp,15150,speed,1050
timestamp,15250,speed,1040
timestamp,15350,speed,1030
timestamp,15452,speed,1020
timestamp,15552,speed,1010
timestamp,15652,speed,1000
Test complete
